<?xml version="1.0" encoding="UTF-8"?>
<testsuite xmlns:xsi="http://www.w3.org/2001/XMLSchema-instance" xsi:noNamespaceSchemaLocation="https://maven.apache.org/surefire/maven-surefire-plugin/xsd/surefire-test-report-3.0.xsd" version="3.0" name="br.mule.test.AvaliacoesTest" time="8.409" tests="3" errors="0" skipped="0" failures="0">
  <properties>
[...]
</properties>
  <testcase name="buscarAvaliacoesClienteIdInvalido" classname="br.mule.test.AvaliacoesTest" time="4.425">
    <system-out><![CDATA[Request method:	GET
Request URI:	https://api-rtf-dh.mdb.com.br/mdb-rf-dev-comercial-logistica-item-eapi/api/v2/itens/MP0000000016/avaliacoes?num_pagina=1&tam_pagina=100
Proxy:			<none>
Request params:	<none>
Query params:	num_pagina=1
				tam_pagina=100
Form params:	<none>
Path params:	codItem=MP0000000016
Headers:		client_id=e2c5ce2cdfa7444f859fdd08e28231130
				client_secret=33b3c67AcBD24E8a82D73A852d056322
				Accept=*/*
				Content-Type=application/json
Cookies:		<none>
Multiparts:		<none>
Body:			<none>
HTTP/1.1 401 Unauthorized
www-authenticate: Client-ID-Enforcement
Content-Type: application/json; charset=UTF-8
Content-Length: 31
Date: Wed, 14 Feb 2024 11:04:45 GMT
x-correlation-id: 4b647294-6449-4360-9f68-1a96e64e3293
Connection: Keep-Alive
Strict-Transport-Security: max-age=16070400; includeSubDomains; preload

{
    "error": "Invalid Client"
}
]]></system-out>
  </testcase>
  <testcase name="buscarAvaliacoesSemNumPagina" classname="br.mule.test.AvaliacoesTest" time="0.728">
    <system-out><![CDATA[Request method:	GET
Request URI:	https://api-rtf-dh.mdb.com.br/mdb-rf-dev-comercial-logistica-item-eapi/api/v2/itens/MP0000000016/avaliacoes?tam_pagina=100
Proxy:			<none>
Request params:	<none>
Query params:	tam_pagina=100
Form params:	<none>
Path params:	codItem=MP0000000016
Headers:		client_id=e2c5ce2cdfa7444f859fdd08e28231130
				client_secret=33b3c67AcBD24E8a82D73A852d056322
				Accept=*/*
				Content-Type=application/json
Cookies:		<none>
Multiparts:		<none>
Body:			<none>
HTTP/1.1 401 Unauthorized
www-authenticate: Client-ID-Enforcement
Content-Type: application/json; charset=UTF-8
Content-Length: 31
Date: Wed, 14 Feb 2024 11:04:47 GMT
x-correlation-id: 37b0ffff-d319-4807-9f05-5794c6dcc2f7
Connection: Keep-Alive
Strict-Transport-Security: max-age=16070400; includeSubDomains; preload

{
    "error": "Invalid Client"
}
]]></system-out>
  </testcase>
  <testcase name="buscarAvaliacoes" classname="br.mule.test.AvaliacoesTest" time="3.205">
    <system-out><![CDATA[Request method:	GET
Request URI:	https://api-rtf-dh.mdb.com.br/mdb-rf-dev-comercial-logistica-item-eapi/api/v2/itens/MP0000000016/avaliacoes?num_pagina=1&tam_pagina=100
Proxy:			<none>
Request params:	<none>
Query params:	num_pagina=1
				tam_pagina=100
Form params:	<none>
Path params:	codItem=MP0000000016
Headers:		client_id=e2c5ce2cdfa7444f859fdd08e2823113
				client_secret=33b3c67AcBD24E8a82D73A852d056322
				Accept=*/*
				Content-Type=application/json
Cookies:		<none>
Multiparts:		<none>
Body:			<none>
HTTP/1.1 200 OK
date: Wed, 14 Feb 2024 11:04:50 GMT
x-ratelimit-remaining: 99
x-ratelimit-limit: 100
x-ratelimit-reset: 816
Content-Type: application/json; charset=UTF-8
Content-Length: 1052
x-correlation-id: bab4088f-f103-40cb-81ce-2800056fd572
Connection: Keep-Alive
Strict-Transport-Security: max-age=16070400; includeSubDomains; preload

{
    "itens": [
        {
            "codItem": "MP0000000016",
            "codAreaAval": "M001",
            "tpCTRLPreco": "S",
            "codMoeda": "BRL",
            "valMediaMovel": 0,
            "valStandard": 14.27,
            "qtdUnitPreco": 1,
            "tpUtilProd": "2",
            "tpOrigProd": "0",
            "flagProdProp": "X",
            "codEmpresa": "1010",
            "idLote": 1563,
            "criadoPor": "dsdadm",
            "dataCriacao": "2023-10-13T17:34:54",
            "atualizadoPor": "dsdadm",
            "dataAtualizacao": "2023-10-13T17:34:54"
        },
        {
            "codItem": "MP0000000016",
            "codAreaAval": "M431",
            "tpCTRLPreco": "S",
            "codMoeda": "BRL",
            "valMediaMovel": 0,
            "valStandard": 14.27,
            "qtdUnitPreco": 1,
            "tpUtilProd": "2",
            "tpOrigProd": "0",
            "flagProdProp": "X",
            "codEmpresa": "1010",
            "idLote": 75931,
            "criadoPor": "dsdadm",
            "dataCriacao": "2024-02-05T14:51:38",
            "atualizadoPor": "dsdadm",
            "dataAtualizacao": "2024-02-05T14:51:38"
        }
    ],
    "paginacao": {
        "numPagina": 1,
        "qtdPaginas": 1
    }
}
]]></system-out>
  </testcase>
</testsuite>