<?xml version="1.0" encoding="UTF-8"?>
<testsuite xmlns:xsi="http://www.w3.org/2001/XMLSchema-instance" xsi:noNamespaceSchemaLocation="https://maven.apache.org/surefire/maven-surefire-plugin/xsd/surefire-test-report-3.0.xsd" version="3.0" name="br.mule.test.ItemTest" time="4.335" tests="4" errors="0" skipped="0" failures="0">
  <properties>
[...]
</properties>
  <testcase name="buscarItemsInvalido" classname="br.mule.test.ItemTest" time="0.07">
    <system-out><![CDATA[Request method:	GET
Request URI:	https://api-rtf-dh.mdb.com.br/mdb-rf-dev-comercial-logistica-item-eapi/api/v2/itens?lote&num_pagina=1&tam_pagina=100
Proxy:			<none>
Request params:	<none>
Query params:	lote
				num_pagina=1
				tam_pagina=100
Form params:	<none>
Path params:	<none>
Headers:		client_id=e2c5ce2cdfa7444f859fdd08e282311
				client_secret=33b3c67AcBD24E8a82D73A852d056322
				Accept=*/*
				Content-Type=application/json
Cookies:		<none>
Multiparts:		<none>
Body:			<none>
HTTP/1.1 401 Unauthorized
www-authenticate: Client-ID-Enforcement
Content-Type: application/json; charset=UTF-8
Content-Length: 31
Date: Wed, 14 Feb 2024 11:04:50 GMT
x-correlation-id: 9071fd5e-d10a-4cb5-851d-01e6b61747d6
Connection: Keep-Alive
Strict-Transport-Security: max-age=16070400; includeSubDomains; preload

{
    "error": "Invalid Client"
}
]]></system-out>
  </testcase>
  <testcase name="buscarItemsSemTamPagina" classname="br.mule.test.ItemTest" time="0.504">
    <system-out><![CDATA[HTTP/1.1 400 Bad Request
x-ratelimit-remaining: 99
x-ratelimit-limit: 100
x-ratelimit-reset: 10
Content-Type: application/json; charset=UTF-8
Content-Length: 133
Date: Wed, 14 Feb 2024 11:04:50 GMT
x-correlation-id: 3ba3ebb8-d37b-4985-88b1-5e7e6c2a5caa
Connection: Keep-Alive
Strict-Transport-Security: max-age=16070400; includeSubDomains; preload

{
    "error": {
        "code": 400,
        "reason": "Bad Request",
        "message": "Required query parameter tam_pagina not specified"
    }
}
]]></system-out>
  </testcase>
  <testcase name="buscarItemsSemNumPagina" classname="br.mule.test.ItemTest" time="0.398">
    <system-out><![CDATA[HTTP/1.1 400 Bad Request
x-ratelimit-remaining: 99
x-ratelimit-limit: 100
x-ratelimit-reset: 506
Content-Type: application/json; charset=UTF-8
Content-Length: 133
Date: Wed, 14 Feb 2024 11:04:50 GMT
x-correlation-id: db697d82-7a88-4728-8db0-eb67c77aa3ad
Connection: Keep-Alive
Strict-Transport-Security: max-age=16070400; includeSubDomains; preload

{
    "error": {
        "code": 400,
        "reason": "Bad Request",
        "message": "Required query parameter num_pagina not specified"
    }
}
]]></system-out>
  </testcase>
  <testcase name="buscarItems" classname="br.mule.test.ItemTest" time="3.352">
    <system-out><![CDATA[Request method:	GET
Request URI:	https://api-rtf-dh.mdb.com.br/mdb-rf-dev-comercial-logistica-item-eapi/api/v2/itens?lote=4fd892c5c69711eebf6e99f85700670b&num_pagina=1&tam_pagina=100
Proxy:			<none>
Request params:	<none>
Query params:	lote=4fd892c5c69711eebf6e99f85700670b
				num_pagina=1
				tam_pagina=100
Form params:	<none>
Path params:	<none>
Headers:		client_id=e2c5ce2cdfa7444f859fdd08e2823113
				client_secret=33b3c67AcBD24E8a82D73A852d056322
				Accept=*/*
				Content-Type=application/json
Cookies:		<none>
Multiparts:		<none>
Body:			<none>
HTTP/1.1 200 OK
date: Wed, 14 Feb 2024 11:04:54 GMT
x-ratelimit-remaining: 99
x-ratelimit-limit: 100
x-ratelimit-reset: 566
Content-Type: application/json; charset=UTF-8
Content-Length: 14447
x-correlation-id: c2af265b-7e63-4fbf-902e-fecfd2551864
Connection: Keep-Alive
Strict-Transport-Security: max-age=16070400; includeSubDomains; preload

{
    "itens": [
        {
            "idItem": "5440d970c69711eebb989a0927008d5f",
            "codItem": "000000000000096158",
            "tpItem": "FERT",
            "codGRPMerc": "012021Q00",
            "descItem": "BISC SALGADO INTEGRAL ADRIA 30 ag. 09.11",
            "codIdioma": "PT",
            "codUnprincipal": "PAC",
            "idEan13": "7891152801767",
            "codSetativ": "01",
            "idCodebs": "000000000000096158",
            "codPrDHA": "4311007ADPLI120000",
            "flagADMLote": "X",
            "codCest": "1705402",
            "qtdPesoBruto": 260,
            "qtdPesoLiquido": 230,
            "qtdComprimento": 7.755,
            "qtdLargura": 5.899,
            "qtdAltura": 9.123,
            "codUndimensao": "MM",
            "qtdVolume": 0.099,
            "codUnvolume": "M3",
            "codGRPTransp": "0001",
            "dataInibloq": "1900-01-01T00:00:00",
            "qtdShelfLife": 250,
            "dataCriacaoOrigem": "2023-08-22T00:00:00",
            "dataModificacaoOrigem": "2024-02-08T00:00:00",
            "idCriadoPorOrigem": "TER04134",
            "idModificadoPorOrigem": "TER07072",
            "nomeCriadoPorOrigem": "BRUNA KELLY GOMES BARBOSA BESSA",
            "nomeModificadoPorOrigem": "RANIERE APARECIDO ROMANINI",
            "descTpProd": "Produto acabado",
            "descUnmedida": "pacote",
            "descGRPMerc": "Salgados",
            "codUncompra": "CX",
            "numVendaParcial": 0,
            "codCategoria": "43",
            "codFamilia": "110",
            "codSubFamilia": "07",
            "codMarca": "AD",
            "codSubmarca": "PLI",
            "codIntPeso": "12",
            "codUnPeso": "G",
            "codReserva1": "00",
            "codReserva2": "00",
            "descCategoria": "BISCOITOS",
            "descFamilia": "SECOS E DOCES",
            "descSubfamilia": "INTEGRAL",
            "descMarca": "ADRIA",
            "descSubmarca": "PLUS LIFE",
            "descIntPeso": "DE 101 A 250 GRAMAS",
            "descReserva1": "NC",
            "descReserva2": "NC",
            "idLote": 77618,
            "criadoPor": "dsdadm",
            "dataCriacao": "2023-10-13T17:34:44",
            "atualizadoPor": "dsdadm",
            "dataAtualizacao": "2024-02-08T12:32:55",
            "entregas": [
                {
                    "codItem": "000000000000096158",
                    "codOrgVendas": "1010",
                    "codCanalDistrib": "40",
                    "codUnvenda": "CX",
                    "codDesUnvenda": "X",
                    "dataIniVenda": "1900-01-01T00:00:00",
                    "qtdRemessa": 5,
                    "qtdUnremessa": "CX",
                    "codGrpItem": "NORM",
                    "idLote": 1563,
                    "criadoPor": "dsdadm",
                    "dataCriacao": "2023-10-13T17:34:57",
                    "atualizadoPor": "dsdadm",
                    "dataAtualizacao": "2023-10-13T17:34:57"
                }
            ],
            "unidMedida": [
                {
                    "codItem": "000000000000096158",
                    "codUnidMedida": "CX",
                    "codDun14": "17891152801764",
                    "qtdDenConversao": 1,
                    "qtdNumConversao": 40,
                    "qtdComprimento": 8.9,
                    "qtdLargura": 4.1,
                    "qtdAltura": 3.987,
                    "codUnidCompAlt": "MM",
                    "qtdPesoBruto": 12.2,
                    "codUnidPeso": "KG",
                    "qtdVolume": 0.312,
                    "codUnidVolume": "M3",
                    "idLote": 2092,
                    "descUnidMedida": "Caixa",
                    "criadoPor": "dsdadm",
                    "dataCriacao": "2023-11-09T12:34:19",
                    "atualizadoPor": "dsdadm",
                    "dataAtualizacao": "2023-11-09T12:34:19"
                },
                {
                    "codItem": "000000000000096158",
                    "codUnidMedida": "G",
                    "qtdDenConversao": 260,
                    "qtdNumConversao": 1,
                    "qtdComprimento": 0,
                    "qtdLargura": 0,
                    "qtdAltura": 0,
                    "qtdPesoBruto": 0,
                    "qtdVolume": 0,
                    "idLote": 2092,
                    "descUnidMedida": "g",
                    "criadoPor": "dsdadm",
                    "dataCriacao": "2023-11-09T12:34:19",
                    "atualizadoPor": "dsdadm",
                    "dataAtualizacao": "2023-11-09T12:34:19"
                },
                {
                    "codItem": "000000000000096158",
                    "codUnidMedida": "KG",
                    "qtdDenConversao": 13,
                    "qtdNumConversao": 50,
                    "qtdComprimento": 0,
                    "qtdLargura": 0,
                    "qtdAltura": 0,
                    "qtdPesoBruto": 0,
                    "qtdVolume": 0,
                    "idLote": 2092,
                    "descUnidMedida": "kg",
                    "criadoPor": "dsdadm",
                    "dataCriacao": "2023-11-09T12:34:19",
                    "atualizadoPor": "dsdadm",
                    "dataAtualizacao": "2023-11-09T12:34:19"
                },
                {
                    "codItem": "000000000000096158",
                    "codUnidMedida": "PAC",
                    "codDun14": "7891152801767",
                    "qtdDenConversao": 1,
                    "qtdNumConversao": 1,
                    "qtdComprimento": 7.755,
                    "qtdLargura": 5.899,
                    "qtdAltura": 9.123,
                    "codUnidCompAlt": "MM",
                    "qtdPesoBruto": 260,
                    "codUnidPeso": "G",
                    "qtdVolume": 0.099,
                    "codUnidVolume": "M3",
                    "idLote": 2092,
                    "descUnidMedida": "pacote",
                    "criadoPor": "dsdadm",
                    "dataCriacao": "2023-11-09T12:34:19",
                    "atualizadoPor": "dsdadm",
                    "dataAtualizacao": "2023-11-09T12:34:19"
                },
                {
                    "codItem": "000000000000096158",
                    "codUnidMedida": "TO",
                    "codDun14": "7896024720382",
                    "qtdDenConversao": 1,
                    "qtdNumConversao": 10000,
                    "qtdComprimento": 0,
                    "qtdLargura": 0,
                    "qtdAltura": 0,
                    "qtdPesoBruto": 0,
                    "qtdVolume": 0,
                    "idLote": 63586,
                    "criadoPor": "dsdadm",
                    "dataCriacao": "2024-01-15T10:32:58",
                    "atualizadoPor": "dsdadm",
                    "dataAtualizacao": "2024-01-15T10:32:58"
                },
                {
                    "codItem": "000000000000096158",
                    "codUnidMedida": "UN",
                    "codDun14": "17896090082084",
                    "qtdDenConversao": 10,
                    "qtdNumConversao": 2,
                    "qtdComprimento": 0.18,
                    "qtdLargura": 0.02,
                    "qtdAltura": 0.05,
                    "codUnidCompAlt": "MM",
                    "qtdPesoBruto": 50,
                    "codUnidPeso": "G",
                    "qtdVolume": 0.56,
                    "codUnidVolume": "M3",
                    "idLote": 2092,
                    "descUnidMedida": "Unidade",
                    "criadoPor": "dsdadm",
                    "dataCriacao": "2023-11-09T12:34:19",
                    "atualizadoPor": "dsdadm",
                    "dataAtualizacao": "2023-11-09T12:34:19"
                }
            ]
        },
        {
            "idItem": "145a4a86c5ce11ee9e94bd2c9700070d",
            "codItem": "000000000300000048",
            "tpItem": "FERT",
            "codGRPMerc": "L004",
            "descItem": "ESTRELA WAFER CHOCOLATE",
            "codIdioma": "PT",
            "codUnprincipal": "KG",
            "codPrDHA": "43",
            "flagADMLote": "X",
            "qtdPesoBruto": 15,
            "qtdPesoLiquido": 10,
            "qtdComprimento": 0,
            "qtdLargura": 0,
            "qtdAltura": 0,
            "qtdVolume": 1,
            "codUnvolume": "M3",
            "codGRPTransp": "0001",
            "dataInibloq": "1900-01-01T00:00:00",
            "qtdShelfLife": 100,
            "dataCriacaoOrigem": "2023-05-12T00:00:00",
            "dataModificacaoOrigem": "2024-02-07T00:00:00",
            "idCriadoPorOrigem": "TER06589",
            "idModificadoPorOrigem": "TER06543",
            "nomeCriadoPorOrigem": "LENNON QUEIROZ",
            "nomeModificadoPorOrigem": "JULIA TAMANI COSTA",
            "descTpProd": "Produto acabado",
            "descUnmedida": "kg",
            "descGRPMerc": "Produtos acabados",
            "numVendaParcial": 3,
            "codCategoria": "43",
            "codUnPeso": "KG",
            "descCategoria": "BISCOITOS",
            "idLote": 77618,
            "criadoPor": "dsdadm",
            "dataCriacao": "2023-10-13T17:34:44",
            "atualizadoPor": "dsdadm",
            "dataAtualizacao": "2024-02-07T12:32:19",
            "entregas": [
                {
                    "codItem": "000000000300000048",
                    "codOrgVendas": "1010",
                    "codCanalDistrib": "10",
                    "dataIniVenda": "1900-01-01T00:00:00",
                    "qtdRemessa": 0,
                    "codGrpItem": "NORM",
                    "idLote": 1563,
                    "criadoPor": "dsdadm",
                    "dataCriacao": "2023-10-13T17:34:57",
                    "atualizadoPor": "dsdadm",
                    "dataAtualizacao": "2023-10-13T17:34:57"
                },
                {
                    "codItem": "000000000300000048",
                    "codOrgVendas": "1010",
                    "codCanalDistrib": "40",
                    "dataIniVenda": "1900-01-01T00:00:00",
                    "qtdRemessa": 0,
                    "codGrpItem": "NORM",
                    "idLote": 1563,
                    "criadoPor": "dsdadm",
                    "dataCriacao": "2023-10-13T17:34:57",
                    "atualizadoPor": "dsdadm",
                    "dataAtualizacao": "2023-10-13T17:34:57"
                }
            ],
            "unidMedida": [
                {
                    "codItem": "000000000300000048",
                    "codUnidMedida": "CX",
                    "codDun14": "7896090082346",
                    "qtdDenConversao": 1,
                    "qtdNumConversao": 100,
                    "qtdComprimento": 0,
                    "qtdLargura": 0,
                    "qtdAltura": 0,
                    "qtdPesoBruto": 0,
                    "qtdVolume": 0,
                    "idLote": 2092,
                    "descUnidMedida": "Caixa",
                    "criadoPor": "dsdadm",
                    "dataCriacao": "2023-11-09T12:34:19",
                    "atualizadoPor": "dsdadm",
                    "dataAtualizacao": "2023-11-09T12:34:19"
                },
                {
                    "codItem": "000000000300000048",
                    "codUnidMedida": "KG",
                    "qtdDenConversao": 1,
                    "qtdNumConversao": 1,
                    "qtdComprimento": 0,
                    "qtdLargura": 0,
                    "qtdAltura": 0,
                    "qtdPesoBruto": 15,
                    "codUnidPeso": "KG",
                    "qtdVolume": 1,
                    "codUnidVolume": "M3",
                    "idLote": 2092,
                    "descUnidMedida": "kg",
                    "criadoPor": "dsdadm",
                    "dataCriacao": "2023-11-09T12:34:19",
                    "atualizadoPor": "dsdadm",
                    "dataAtualizacao": "2023-11-09T12:34:19"
                }
            ]
        },
        {
            "idItem": "5b686b9ac5cb11ee9fa2a127a700f971",
            "codItem": "000000000300000063",
            "tpItem": "FERT",
            "codGRPMerc": "012001A00",
            "descItem": "Macarrão parafuso 09.11",
            "codIdioma": "PT",
            "codUnprincipal": "PAC",
            "codSetativ": "01",
            "codPrDHA": "4411216ADADR100000",
            "flagADMLote": "X",
            "qtdPesoBruto": 15,
            "qtdPesoLiquido": 10,
            "qtdComprimento": 0,
            "qtdLargura": 0,
            "qtdAltura": 0,
            "qtdVolume": 0,
            "codGRPTransp": "0001",
            "dataInibloq": "1900-01-01T00:00:00",
            "qtdShelfLife": 20,
            "dataCriacaoOrigem": "2023-05-25T00:00:00",
            "dataModificacaoOrigem": "2023-11-15T00:00:00",
            "idCriadoPorOrigem": "TER06536",
            "idModificadoPorOrigem": "TER06589",
            "nomeCriadoPorOrigem": "EMILIO DEL VALLE",
            "nomeModificadoPorOrigem": "LENNON QUEIROZ",
            "descTpProd": "Produto acabado",
            "descUnmedida": "pacote",
            "descGRPMerc": "Açúcar",
            "numVendaParcial": 0,
            "codCategoria": "44",
            "codFamilia": "112",
            "codSubFamilia": "16",
            "codMarca": "AD",
            "codSubmarca": "ADR",
            "codIntPeso": "10",
            "codUnPeso": "KG",
            "codReserva1": "00",
            "codReserva2": "00",
            "descCategoria": "MASSAS",
            "descFamilia": "INSTANTANEO",
            "descSubfamilia": "INSTANTANEO",
            "descMarca": "ADRIA",
            "descSubmarca": "ADRIA",
            "descIntPeso": "ATE 100 GRAMAS",
            "descReserva1": "NC",
            "descReserva2": "NC",
            "idLote": 77618,
            "criadoPor": "dsdadm",
            "dataCriacao": "2023-12-07T00:00:00",
            "atualizadoPor": "dsdadm",
            "dataAtualizacao": "2024-02-07T12:12:49",
            "entregas": [
                {
                    "codItem": "000000000300000063",
                    "codOrgVendas": "1010",
                    "codCanalDistrib": "10",
                    "dataIniVenda": "1900-01-01T00:00:00",
                    "qtdRemessa": 0,
                    "codGrpItem": "NORM",
                    "idLote": 3334,
                    "criadoPor": "dsdadm",
                    "dataCriacao": "2023-11-15T13:33:24",
                    "atualizadoPor": "dsdadm",
                    "dataAtualizacao": "2023-11-15T13:33:24"
                },
                {
                    "codItem": "000000000300000063",
                    "codOrgVendas": "1010",
                    "codCanalDistrib": "40",
                    "dataIniVenda": "1900-01-01T00:00:00",
                    "qtdRemessa": 0,
                    "codGrpItem": "NORM",
                    "idLote": 1563,
                    "criadoPor": "dsdadm",
                    "dataCriacao": "2023-10-13T17:34:57",
                    "atualizadoPor": "dsdadm",
                    "dataAtualizacao": "2023-10-13T17:34:57"
                }
            ],
            "unidMedida": [
                {
                    "codItem": "000000000300000063",
                    "codUnidMedida": "CX",
                    "qtdDenConversao": 1,
                    "qtdNumConversao": 24,
                    "qtdComprimento": 0,
                    "qtdLargura": 0,
                    "qtdAltura": 0,
                    "qtdPesoBruto": 0,
                    "qtdVolume": 0,
                    "idLote": 2092,
                    "descUnidMedida": "Caixa",
                    "criadoPor": "dsdadm",
                    "dataCriacao": "2023-11-09T12:34:19",
                    "atualizadoPor": "dsdadm",
                    "dataAtualizacao": "2023-11-09T12:34:19"
                },
                {
                    "codItem": "000000000300000063",
                    "codUnidMedida": "G",
                    "qtdDenConversao": 350,
                    "qtdNumConversao": 1,
                    "qtdComprimento": 0,
                    "qtdLargura": 0,
                    "qtdAltura": 0,
                    "qtdPesoBruto": 0,
                    "qtdVolume": 0,
                    "idLote": 2092,
                    "descUnidMedida": "g",
                    "criadoPor": "dsdadm",
                    "dataCriacao": "2023-11-09T12:34:19",
                    "atualizadoPor": "dsdadm",
                    "dataAtualizacao": "2023-11-09T12:34:19"
                },
                {
                    "codItem": "000000000300000063",
                    "codUnidMedida": "PAC",
                    "qtdDenConversao": 1,
                    "qtdNumConversao": 1,
                    "qtdComprimento": 0,
                    "qtdLargura": 0,
                    "qtdAltura": 0,
                    "qtdPesoBruto": 15,
                    "codUnidPeso": "KG",
                    "qtdVolume": 0,
                    "idLote": 2092,
                    "descUnidMedida": "pacote",
                    "criadoPor": "dsdadm",
                    "dataCriacao": "2023-11-09T12:34:19",
                    "atualizadoPor": "dsdadm",
                    "dataAtualizacao": "2023-11-09T12:34:19"
                },
                {
                    "codItem": "000000000300000063",
                    "codUnidMedida": "PAL",
                    "qtdDenConversao": 1,
                    "qtdNumConversao": 264,
                    "qtdComprimento": 0,
                    "qtdLargura": 0,
                    "qtdAltura": 0,
                    "qtdPesoBruto": 0,
                    "qtdVolume": 0,
                    "idLote": 2092,
                    "descUnidMedida": "Palete",
                    "criadoPor": "dsdadm",
                    "dataCriacao": "2023-11-09T12:34:19",
                    "atualizadoPor": "dsdadm",
                    "dataAtualizacao": "2023-11-09T12:34:19"
                }
            ]
        }
    ],
    "paginacao": {
        "numPagina": 1,
        "qtdPaginas": 1
    }
}
]]></system-out>
  </testcase>
</testsuite>